<?xml version="1.0" encoding="UTF-8"?>
<!-- Generated by org.testng.reporters.JUnitReportReporter -->
<testsuite hostname="MSI" failures="0" tests="1" name="actions.Reve" time="0.010" errors="0" timestamp="2023-08-07T12:09:51 IST" skipped="0">
  <testcase classname="actions.Reve" name="cha" time="0.010"/>
</testsuite> <!-- actions.Reve -->
