<?xml version="1.0" encoding="UTF-8"?>
<!-- Generated by org.testng.reporters.JUnitReportReporter -->
<testsuite hostname="MSI" failures="0" tests="1" name="testnggg.Dataaaaa" time="0.563" errors="0" timestamp="2023-08-10T12:42:54 IST" skipped="0">
  <testcase classname="testnggg.Dataaaaa" name="deta" time="0.563"/>
</testsuite> <!-- testnggg.Dataaaaa -->
