<?xml version="1.0" encoding="UTF-8"?>
<!-- Generated by org.testng.reporters.JUnitReportReporter -->
<testsuite hostname="MSI" failures="0" tests="1" name="testing.Check" time="6.274" errors="0" timestamp="2023-08-07T12:26:18 IST" skipped="0">
  <testcase classname="testing.Check" name="check1" time="6.274"/>
</testsuite> <!-- testing.Check -->
