<?xml version="1.0" encoding="UTF-8"?>
<!-- Generated by org.testng.reporters.JUnitReportReporter -->
<testsuite hostname="MSI" failures="0" tests="1" name="webtables.Country" time="10.039" errors="0" timestamp="2023-08-16T11:10:14 IST" skipped="0">
  <testcase classname="webtables.Country" name="webtabletest" time="10.039"/>
</testsuite> <!-- webtables.Country -->
