<?xml version="1.0" encoding="UTF-8"?>
<!-- Generated by org.testng.reporters.JUnitReportReporter -->
<testsuite hostname="MSI" failures="0" tests="1" name="listnerss.Exemp" time="15.728" errors="0" timestamp="2023-08-28T18:17:20 IST" skipped="0">
  <testcase classname="listnerss.Exemp" name="Ch" time="15.728"/>
</testsuite> <!-- listnerss.Exemp -->
